<?xml version="1.0" encoding="UTF-8"?>
<!-- Generated by org.testng.reporters.JUnitReportReporter -->
<testsuite hostname="DESKTOP-G8DF7AO" failures="0" tests="6" name="org.internship.CalculatorTest" time="0.014" errors="0" timestamp="2023-01-20T16:29:37 EET" skipped="0">
  <testcase classname="org.internship.CalculatorTest" name="testCalculator" time="0.002"/>
  <system-out/>
  <testcase classname="org.internship.CalculatorTest" name="testCalculator" time="0.006"/>
  <system-out/>
  <testcase classname="org.internship.CalculatorTest" name="testCalculator" time="0.000"/>
  <system-out/>
  <testcase classname="org.internship.CalculatorTest" name="testCalculator" time="0.000"/>
  <system-out/>
  <testcase classname="org.internship.CalculatorTest" name="testCalculator" time="0.001"/>
  <system-out/>
  <testcase classname="org.internship.CalculatorTest" name="testCalculator" time="0.005"/>
  <system-out/>
</testsuite> <!-- org.internship.CalculatorTest -->
