<?xml version="1.0" encoding="UTF-8"?>
<!-- Generated by org.testng.reporters.JUnitReportReporter -->
<testsuite hostname="L3700100797" failures="0" tests="6" name="org.internship.CalculatorTest" time="0.017" errors="0" timestamp="2023-01-20T12:45:33 EET" skipped="0">
  <testcase classname="org.internship.CalculatorTest" name="testCalculator" time="0.002"/>
  <system-out/>
  <testcase classname="org.internship.CalculatorTest" name="testCalculator" time="0.006"/>
  <system-out/>
  <testcase classname="org.internship.CalculatorTest" name="testCalculator" time="0.001"/>
  <system-out/>
  <testcase classname="org.internship.CalculatorTest" name="testCalculator" time="0.000"/>
  <system-out/>
  <testcase classname="org.internship.CalculatorTest" name="testCalculator" time="0.000"/>
  <system-out/>
  <testcase classname="org.internship.CalculatorTest" name="testCalculator" time="0.008"/>
  <system-out/>
</testsuite> <!-- org.internship.CalculatorTest -->
