<?xml version="1.0" encoding="UTF-8"?>
<!-- Generated by org.testng.reporters.JUnitReportReporter -->
<testsuite hostname="DESKTOP-G8DF7AO" failures="0" tests="6" name="org.internship.CalculatorTest" time="0.010" errors="0" timestamp="2023-01-21T23:03:09 EET" skipped="0">
  <testcase classname="org.internship.CalculatorTest" name="testCalculator" time="0.001"/>
  <system-out/>
  <testcase classname="org.internship.CalculatorTest" name="testCalculator" time="0.001"/>
  <system-out/>
  <testcase classname="org.internship.CalculatorTest" name="testCalculator" time="0.001"/>
  <system-out/>
  <testcase classname="org.internship.CalculatorTest" name="testCalculator" time="0.006"/>
  <system-out/>
  <testcase classname="org.internship.CalculatorTest" name="testCalculator" time="0.001"/>
  <system-out/>
  <testcase classname="org.internship.CalculatorTest" name="testCalculator" time="0.000"/>
  <system-out/>
</testsuite> <!-- org.internship.CalculatorTest -->
