<?xml version="1.0" encoding="UTF-8"?>
<!-- Generated by org.testng.reporters.JUnitReportReporter -->
<testsuite hostname="L3700100797" failures="0" tests="8" name="org.internship.LoginTest" time="0.016" errors="0" timestamp="2023-01-25T11:12:38 EET" skipped="0">
  <testcase classname="org.internship.LoginTest" name="testLoginUsername" time="0.006"/>
  <system-out/>
  <testcase classname="org.internship.LoginTest" name="testLoginUsername" time="0.002"/>
  <system-out/>
  <testcase classname="org.internship.LoginTest" name="testLoginPassword" time="0.002"/>
  <system-out/>
  <testcase classname="org.internship.LoginTest" name="testLoginPassword" time="0.001"/>
  <system-out/>
  <testcase classname="org.internship.LoginTest" name="testLoginPassword" time="0.001"/>
  <system-out/>
  <testcase classname="org.internship.LoginTest" name="testLoginPassword" time="0.001"/>
  <system-out/>
  <testcase classname="org.internship.LoginTest" name="testLoginPassword" time="0.001"/>
  <system-out/>
  <testcase classname="org.internship.LoginTest" name="testLoginPassword" time="0.002"/>
  <system-out/>
</testsuite> <!-- org.internship.LoginTest -->
