<?xml version="1.0" encoding="UTF-8"?>
<!-- Generated by org.testng.reporters.JUnitReportReporter -->
<testsuite hostname="DESKTOP-G8DF7AO" failures="0" tests="2" name="org.internship.LoginTest" time="0.001" errors="0" timestamp="2023-01-20T16:29:37 EET" skipped="0">
  <testcase classname="org.internship.LoginTest" name="testLoginPassword" time="0.001"/>
  <system-out/>
  <testcase classname="org.internship.LoginTest" name="testLoginPassword" time="0.000"/>
  <system-out/>
</testsuite> <!-- org.internship.LoginTest -->
