<?xml version="1.0" encoding="UTF-8"?>
<!-- Generated by org.testng.reporters.JUnitReportReporter -->
<testsuite hostname="L3700100797" failures="0" tests="14" name="org.internship.CalculatorTest" time="0.051" errors="0" timestamp="2023-01-25T11:12:38 EET" skipped="1">
  <testcase classname="org.internship.CalculatorTest" name="testCalculatorSoftAssert" time="0.003"/>
  <system-out/>
  <testcase classname="org.internship.CalculatorTest" name="testCalculatorWithPrivate" time="0.000"/>
  <system-out/>
  <testcase classname="org.internship.CalculatorTest" name="testCalculator" time="0.003"/>
  <system-out/>
  <testcase classname="org.internship.CalculatorTest" name="testCalculatorSoftAssert" time="0.004"/>
  <system-out/>
  <testcase classname="org.internship.CalculatorTest" name="testCalculatorSoftAssert" time="0.003"/>
  <system-out/>
  <testcase classname="org.internship.CalculatorTest" name="testCalculatorSoftAssert" time="0.005"/>
  <system-out/>
  <testcase classname="org.internship.CalculatorTest" name="testCalculator" time="0.002"/>
  <system-out/>
  <testcase classname="org.internship.CalculatorTest" name="testCalculator" time="0.001"/>
  <system-out/>
  <testcase classname="org.internship.CalculatorTest" name="testCalculator" time="0.002"/>
  <system-out/>
  <testcase classname="org.internship.CalculatorTest" name="testCalculator" time="0.009"/>
  <system-out/>
  <testcase classname="org.internship.CalculatorTest" name="testCalculator" time="0.002"/>
  <system-out/>
  <testcase classname="org.internship.CalculatorTest" name="testCalculatorSoftAssert" time="0.015"/>
  <system-out/>
  <testcase classname="org.internship.CalculatorTest" name="testCalculatorSoftAssert" time="0.002"/>
  <system-out/>
  <testcase classname="org.internship.CalculatorTest" name="testEnableFalse">
    <skipped/>
  </testcase> <!-- testEnableFalse -->
  <system-out/>
</testsuite> <!-- org.internship.CalculatorTest -->
