<?xml version="1.0" encoding="UTF-8"?>
<!-- Generated by org.testng.reporters.JUnitReportReporter -->
<testsuite hostname="DESKTOP-G8DF7AO" failures="0" tests="8" name="org.internship.LoginTest" time="0.009" errors="0" timestamp="2023-01-22T21:12:37 EET" skipped="0">
  <testcase classname="org.internship.LoginTest" name="testLoginUsername" time="0.001"/>
  <system-out/>
  <testcase classname="org.internship.LoginTest" name="testLoginUsername" time="0.001"/>
  <system-out/>
  <testcase classname="org.internship.LoginTest" name="testLoginPassword" time="0.001"/>
  <system-out/>
  <testcase classname="org.internship.LoginTest" name="testLoginPassword" time="0.002"/>
  <system-out/>
  <testcase classname="org.internship.LoginTest" name="testLoginPassword" time="0.000"/>
  <system-out/>
  <testcase classname="org.internship.LoginTest" name="testLoginPassword" time="0.000"/>
  <system-out/>
  <testcase classname="org.internship.LoginTest" name="testLoginPassword" time="0.003"/>
  <system-out/>
  <testcase classname="org.internship.LoginTest" name="testLoginPassword" time="0.001"/>
  <system-out/>
</testsuite> <!-- org.internship.LoginTest -->
